<?xml version="1.0" encoding="UTF-8"?>
<!-- Generated by org.testng.reporters.JUnitReportReporter -->
<testsuite skipped="0" hostname="DESKTOP-KRLAL0I" name="com.project.DemoProject.TC_002" tests="1" failures="0" timestamp="12 Mar 2019 03:30:24 GMT" time="36.101" errors="0">
  <testcase name="testCase1" time="36.101" classname="com.project.DemoProject.TC_002"/>
</testsuite> <!-- com.project.DemoProject.TC_002 -->
